<?xml version="1.0" encoding="UTF-8"?>
<!-- Generated by org.testng.reporters.JUnitReportReporter -->
<testsuite hostname="LAPTOP-B9130SR2" failures="0" tests="1" name="testCases.TC_001_AccountRegistrationTest" time="4.851" errors="0" timestamp="2023-12-29T18:15:50 IST" skipped="0">
  <testcase classname="testCases.TC_001_AccountRegistrationTest" name="testAccountRegistration" time="4.851"/>
  <system-out/>
</testsuite> <!-- testCases.TC_001_AccountRegistrationTest -->
