<?xml version="1.0" encoding="UTF-8"?>
<!-- Generated by org.testng.reporters.JUnitReportReporter -->
<testsuite hostname="LAPTOP-B9130SR2" failures="0" tests="1" name="testCases.TC_001_AccountRegistrationTest" time="7.516" errors="0" timestamp="2024-01-02T13:05:10 IST" skipped="0">
  <testcase classname="testCases.TC_001_AccountRegistrationTest" name="testAccountRegistration" time="7.516"/>
  <system-out/>
</testsuite> <!-- testCases.TC_001_AccountRegistrationTest -->
